<?xml version="1.0" encoding="UTF-8"?>
<!-- Generated by org.testng.reporters.JUnitReportReporter -->
<testsuite hostname="DESKTOP-RL2OCF9" name="hello.Baiduhello" tests="1" failures="0" timestamp="28 Mar 2019 01:07:36 GMT" time="8.246" errors="0">
  <testcase name="OpenFireFox" time="8.246" classname="hello.Baiduhello"/>
</testsuite> <!-- hello.Baiduhello -->
